<?xml version="1.0" encoding="UTF-8"?>
<testsuite name="kr.kakao.lastExam.UserTests" tests="4" skipped="0" failures="1" errors="0" timestamp="2016-06-05T03:34:43" hostname="JKMac.local" time="0.061">
  <properties/>
  <testcase name="usersGet" classname="kr.kakao.lastExam.UserTests" time="0.032">
    <failure message="java.lang.AssertionError: &#10;Expected: is &quot;거시기&quot;&#10;     but: was &quot;트와이스&quot;" type="java.lang.AssertionError">java.lang.AssertionError: 
Expected: is &quot;거시기&quot;
     but: was &quot;트와이스&quot;
	at org.hamcrest.MatcherAssert.assertThat(MatcherAssert.java:20)
	at org.hamcrest.MatcherAssert.assertThat(MatcherAssert.java:8)
	at kr.kakao.lastExam.UserTests.assertTo(UserTests.java:105)
	at kr.kakao.lastExam.UserTests.usersGet(UserTests.java:73)
	at sun.reflect.NativeMethodAccessorImpl.invoke0(Native Method)
	at sun.reflect.NativeMethodAccessorImpl.invoke(NativeMethodAccessorImpl.java:62)
	at sun.reflect.DelegatingMethodAccessorImpl.invoke(DelegatingMethodAccessorImpl.java:43)
	at java.lang.reflect.Method.invoke(Method.java:497)
	at org.junit.runners.model.FrameworkMethod$1.runReflectiveCall(FrameworkMethod.java:50)
	at org.junit.internal.runners.model.ReflectiveCallable.run(ReflectiveCallable.java:12)
	at org.junit.runners.model.FrameworkMethod.invokeExplosively(FrameworkMethod.java:47)
	at org.junit.internal.runners.statements.InvokeMethod.evaluate(InvokeMethod.java:17)
	at org.junit.internal.runners.statements.RunBefores.evaluate(RunBefores.java:26)
	at org.springframework.test.context.junit4.statements.RunBeforeTestMethodCallbacks.evaluate(RunBeforeTestMethodCallbacks.java:75)
	at org.junit.internal.runners.statements.RunAfters.evaluate(RunAfters.java:27)
	at org.springframework.test.context.junit4.statements.RunAfterTestMethodCallbacks.evaluate(RunAfterTestMethodCallbacks.java:86)
	at org.springframework.test.context.junit4.statements.SpringRepeat.evaluate(SpringRepeat.java:84)
	at org.junit.runners.ParentRunner.runLeaf(ParentRunner.java:325)
	at org.springframework.test.context.junit4.SpringJUnit4ClassRunner.runChild(SpringJUnit4ClassRunner.java:254)
	at org.springframework.test.context.junit4.SpringJUnit4ClassRunner.runChild(SpringJUnit4ClassRunner.java:89)
	at org.junit.runners.ParentRunner$3.run(ParentRunner.java:290)
	at org.junit.runners.ParentRunner$1.schedule(ParentRunner.java:71)
	at org.junit.runners.ParentRunner.runChildren(ParentRunner.java:288)
	at org.junit.runners.ParentRunner.access$000(ParentRunner.java:58)
	at org.junit.runners.ParentRunner$2.evaluate(ParentRunner.java:268)
	at org.springframework.test.context.junit4.statements.RunBeforeTestClassCallbacks.evaluate(RunBeforeTestClassCallbacks.java:61)
	at org.springframework.test.context.junit4.statements.RunAfterTestClassCallbacks.evaluate(RunAfterTestClassCallbacks.java:70)
	at org.junit.runners.ParentRunner.run(ParentRunner.java:363)
	at org.springframework.test.context.junit4.SpringJUnit4ClassRunner.run(SpringJUnit4ClassRunner.java:193)
	at org.gradle.api.internal.tasks.testing.junit.JUnitTestClassExecuter.runTestClass(JUnitTestClassExecuter.java:105)
	at org.gradle.api.internal.tasks.testing.junit.JUnitTestClassExecuter.execute(JUnitTestClassExecuter.java:56)
	at org.gradle.api.internal.tasks.testing.junit.JUnitTestClassProcessor.processTestClass(JUnitTestClassProcessor.java:64)
	at org.gradle.api.internal.tasks.testing.SuiteTestClassProcessor.processTestClass(SuiteTestClassProcessor.java:50)
	at sun.reflect.NativeMethodAccessorImpl.invoke0(Native Method)
	at sun.reflect.NativeMethodAccessorImpl.invoke(NativeMethodAccessorImpl.java:62)
	at sun.reflect.DelegatingMethodAccessorImpl.invoke(DelegatingMethodAccessorImpl.java:43)
	at java.lang.reflect.Method.invoke(Method.java:497)
	at org.gradle.messaging.dispatch.ReflectionDispatch.dispatch(ReflectionDispatch.java:35)
	at org.gradle.messaging.dispatch.ReflectionDispatch.dispatch(ReflectionDispatch.java:24)
	at org.gradle.messaging.dispatch.ContextClassLoaderDispatch.dispatch(ContextClassLoaderDispatch.java:32)
	at org.gradle.messaging.dispatch.ProxyDispatchAdapter$DispatchingInvocationHandler.invoke(ProxyDispatchAdapter.java:93)
	at com.sun.proxy.$Proxy2.processTestClass(Unknown Source)
	at org.gradle.api.internal.tasks.testing.worker.TestWorker.processTestClass(TestWorker.java:106)
	at sun.reflect.NativeMethodAccessorImpl.invoke0(Native Method)
	at sun.reflect.NativeMethodAccessorImpl.invoke(NativeMethodAccessorImpl.java:62)
	at sun.reflect.DelegatingMethodAccessorImpl.invoke(DelegatingMethodAccessorImpl.java:43)
	at java.lang.reflect.Method.invoke(Method.java:497)
	at org.gradle.messaging.dispatch.ReflectionDispatch.dispatch(ReflectionDispatch.java:35)
	at org.gradle.messaging.dispatch.ReflectionDispatch.dispatch(ReflectionDispatch.java:24)
	at org.gradle.messaging.remote.internal.hub.MessageHub$Handler.run(MessageHub.java:360)
	at org.gradle.internal.concurrent.ExecutorPolicy$CatchAndRecordFailures.onExecute(ExecutorPolicy.java:54)
	at org.gradle.internal.concurrent.StoppableExecutorImpl$1.run(StoppableExecutorImpl.java:40)
	at java.util.concurrent.ThreadPoolExecutor.runWorker(ThreadPoolExecutor.java:1142)
	at java.util.concurrent.ThreadPoolExecutor$Worker.run(ThreadPoolExecutor.java:617)
	at java.lang.Thread.run(Thread.java:745)
</failure>
  </testcase>
  <testcase name="userAdd" classname="kr.kakao.lastExam.UserTests" time="0.014"/>
  <testcase name="userDelete" classname="kr.kakao.lastExam.UserTests" time="0.005"/>
  <testcase name="userUpdate" classname="kr.kakao.lastExam.UserTests" time="0.009"/>
  <system-out><![CDATA[2016-06-05 12:34:43.479  INFO 19637 --- [    Test worker] o.s.t.c.support.AbstractContextLoader    : Could not detect default resource locations for test class [kr.kakao.lastExam.UserTests]: no resource found for suffixes {-context.xml, Context.groovy}.
2016-06-05 12:34:43.482  INFO 19637 --- [    Test worker] o.s.t.c.web.WebTestContextBootstrapper   : Loaded default TestExecutionListener class names from location [META-INF/spring.factories]: [org.springframework.test.context.web.ServletTestExecutionListener, org.springframework.test.context.support.DirtiesContextBeforeModesTestExecutionListener, org.springframework.test.context.support.DependencyInjectionTestExecutionListener, org.springframework.test.context.support.DirtiesContextTestExecutionListener, org.springframework.test.context.transaction.TransactionalTestExecutionListener, org.springframework.test.context.jdbc.SqlScriptsTestExecutionListener]
2016-06-05 12:34:43.482  INFO 19637 --- [    Test worker] o.s.t.c.web.WebTestContextBootstrapper   : Using TestExecutionListeners: [org.springframework.test.context.web.ServletTestExecutionListener@4420bba, org.springframework.test.context.support.DirtiesContextBeforeModesTestExecutionListener@62da0111, org.springframework.test.context.support.DependencyInjectionTestExecutionListener@601c0e03, org.springframework.test.context.support.DirtiesContextTestExecutionListener@7cfa81a0, org.springframework.test.context.transaction.TransactionalTestExecutionListener@68f15a5e, org.springframework.test.context.jdbc.SqlScriptsTestExecutionListener@5a111cd8]
2016-06-05 12:34:43.495  INFO 19637 --- [    Test worker] o.s.t.c.transaction.TransactionContext   : Began transaction (1) for test context [DefaultTestContext@722200f1 testClass = UserTests, testInstance = kr.kakao.lastExam.UserTests@10638741, testMethod = usersGet@UserTests, testException = [null], mergedContextConfiguration = [WebMergedContextConfiguration@5afd7d8f testClass = UserTests, locations = '{}', classes = '{class kr.kakao.lastExam.ApplicationContextForProject}', contextInitializerClasses = '[]', activeProfiles = '{}', propertySourceLocations = '{}', propertySourceProperties = '{}', resourceBasePath = 'src/main/webapp', contextLoader = 'org.springframework.boot.test.SpringApplicationContextLoader', parent = [null]]]; transaction manager [org.springframework.orm.jpa.JpaTransactionManager@13274859]; rollback [true]
2016-06-05 12:34:43.526  INFO 19637 --- [    Test worker] o.s.t.c.transaction.TransactionContext   : Rolled back transaction for test context [DefaultTestContext@722200f1 testClass = UserTests, testInstance = kr.kakao.lastExam.UserTests@10638741, testMethod = usersGet@UserTests, testException = java.lang.AssertionError: 
Expected: is "거시기"
     but: was "트와이스", mergedContextConfiguration = [WebMergedContextConfiguration@5afd7d8f testClass = UserTests, locations = '{}', classes = '{class kr.kakao.lastExam.ApplicationContextForProject}', contextInitializerClasses = '[]', activeProfiles = '{}', propertySourceLocations = '{}', propertySourceProperties = '{}', resourceBasePath = 'src/main/webapp', contextLoader = 'org.springframework.boot.test.SpringApplicationContextLoader', parent = [null]]].
2016-06-05 12:34:43.528  INFO 19637 --- [    Test worker] o.s.t.c.transaction.TransactionContext   : Began transaction (1) for test context [DefaultTestContext@722200f1 testClass = UserTests, testInstance = kr.kakao.lastExam.UserTests@538f3903, testMethod = userAdd@UserTests, testException = [null], mergedContextConfiguration = [WebMergedContextConfiguration@5afd7d8f testClass = UserTests, locations = '{}', classes = '{class kr.kakao.lastExam.ApplicationContextForProject}', contextInitializerClasses = '[]', activeProfiles = '{}', propertySourceLocations = '{}', propertySourceProperties = '{}', resourceBasePath = 'src/main/webapp', contextLoader = 'org.springframework.boot.test.SpringApplicationContextLoader', parent = [null]]]; transaction manager [org.springframework.orm.jpa.JpaTransactionManager@13274859]; rollback [true]
2016-06-05 12:34:43.541  INFO 19637 --- [    Test worker] o.s.t.c.transaction.TransactionContext   : Rolled back transaction for test context [DefaultTestContext@722200f1 testClass = UserTests, testInstance = kr.kakao.lastExam.UserTests@538f3903, testMethod = userAdd@UserTests, testException = [null], mergedContextConfiguration = [WebMergedContextConfiguration@5afd7d8f testClass = UserTests, locations = '{}', classes = '{class kr.kakao.lastExam.ApplicationContextForProject}', contextInitializerClasses = '[]', activeProfiles = '{}', propertySourceLocations = '{}', propertySourceProperties = '{}', resourceBasePath = 'src/main/webapp', contextLoader = 'org.springframework.boot.test.SpringApplicationContextLoader', parent = [null]]].
2016-06-05 12:34:43.542  INFO 19637 --- [    Test worker] o.s.t.c.transaction.TransactionContext   : Began transaction (1) for test context [DefaultTestContext@722200f1 testClass = UserTests, testInstance = kr.kakao.lastExam.UserTests@45d7992a, testMethod = userDelete@UserTests, testException = [null], mergedContextConfiguration = [WebMergedContextConfiguration@5afd7d8f testClass = UserTests, locations = '{}', classes = '{class kr.kakao.lastExam.ApplicationContextForProject}', contextInitializerClasses = '[]', activeProfiles = '{}', propertySourceLocations = '{}', propertySourceProperties = '{}', resourceBasePath = 'src/main/webapp', contextLoader = 'org.springframework.boot.test.SpringApplicationContextLoader', parent = [null]]]; transaction manager [org.springframework.orm.jpa.JpaTransactionManager@13274859]; rollback [true]
2016-06-05 12:34:43.545  INFO 19637 --- [    Test worker] o.s.t.c.transaction.TransactionContext   : Rolled back transaction for test context [DefaultTestContext@722200f1 testClass = UserTests, testInstance = kr.kakao.lastExam.UserTests@45d7992a, testMethod = userDelete@UserTests, testException = [null], mergedContextConfiguration = [WebMergedContextConfiguration@5afd7d8f testClass = UserTests, locations = '{}', classes = '{class kr.kakao.lastExam.ApplicationContextForProject}', contextInitializerClasses = '[]', activeProfiles = '{}', propertySourceLocations = '{}', propertySourceProperties = '{}', resourceBasePath = 'src/main/webapp', contextLoader = 'org.springframework.boot.test.SpringApplicationContextLoader', parent = [null]]].
2016-06-05 12:34:43.547  INFO 19637 --- [    Test worker] o.s.t.c.transaction.TransactionContext   : Began transaction (1) for test context [DefaultTestContext@722200f1 testClass = UserTests, testInstance = kr.kakao.lastExam.UserTests@5ab21f2e, testMethod = userUpdate@UserTests, testException = [null], mergedContextConfiguration = [WebMergedContextConfiguration@5afd7d8f testClass = UserTests, locations = '{}', classes = '{class kr.kakao.lastExam.ApplicationContextForProject}', contextInitializerClasses = '[]', activeProfiles = '{}', propertySourceLocations = '{}', propertySourceProperties = '{}', resourceBasePath = 'src/main/webapp', contextLoader = 'org.springframework.boot.test.SpringApplicationContextLoader', parent = [null]]]; transaction manager [org.springframework.orm.jpa.JpaTransactionManager@13274859]; rollback [true]
2016-06-05 12:34:43.554  INFO 19637 --- [    Test worker] o.s.t.c.transaction.TransactionContext   : Rolled back transaction for test context [DefaultTestContext@722200f1 testClass = UserTests, testInstance = kr.kakao.lastExam.UserTests@5ab21f2e, testMethod = userUpdate@UserTests, testException = [null], mergedContextConfiguration = [WebMergedContextConfiguration@5afd7d8f testClass = UserTests, locations = '{}', classes = '{class kr.kakao.lastExam.ApplicationContextForProject}', contextInitializerClasses = '[]', activeProfiles = '{}', propertySourceLocations = '{}', propertySourceProperties = '{}', resourceBasePath = 'src/main/webapp', contextLoader = 'org.springframework.boot.test.SpringApplicationContextLoader', parent = [null]]].
]]></system-out>
  <system-err><![CDATA[]]></system-err>
</testsuite>
